<?xml version="1.0" encoding="UTF-8"?>
<!-- Generated by org.testng.reporters.JUnitReportReporter -->
<testsuite skipped="0" hostname="W108TPQ4Y2" name="com.chewy.test.seleniumTest.chewy.tests.ChewySampleTest" tests="1" failures="0" timestamp="15 Sep 2020 04:10:14 GMT" time="20.394" errors="0">
  <testcase name="verifyChewySampleTest" time="20.394" classname="com.chewy.test.seleniumTest.chewy.tests.ChewySampleTest"/>
</testsuite> <!-- com.chewy.test.seleniumTest.chewy.tests.ChewySampleTest -->
